<?xml version="1.0" encoding="UTF-8"?>
<testng-results ignored="0" total="1" passed="1" failed="0" skipped="0">
  <reporter-output>
  </reporter-output>
  <suite started-at="2021-12-06T19:10:33 ICT" name="FREE CRM Application Test Automation Test Suite" finished-at="2021-12-06T19:11:13 ICT" duration-ms="40154">
    <groups>
    </groups>
    <test started-at="2021-12-06T19:10:33 ICT" name=" Test Cases" finished-at="2021-12-06T19:11:13 ICT" duration-ms="40154">
      <class name="testcases.ManufacturingTests">
        <test-method is-config="true" signature="initializeDriver()[pri:0, instance:testcases.ManufacturingTests@527e5409]" started-at="2021-12-06T19:10:29 ICT" name="initializeDriver" finished-at="2021-12-06T19:10:33 ICT" duration-ms="4403" status="PASS">
          <reporter-output>
          </reporter-output>
        </test-method> <!-- initializeDriver -->
        <test-method signature="verifyTheManufacturingOrderIsCreated()[pri:1, instance:testcases.ManufacturingTests@527e5409]" started-at="2021-12-06T19:10:33 ICT" name="verifyTheManufacturingOrderIsCreated" description="E2E test case for Manufacturing Orders" finished-at="2021-12-06T19:11:13 ICT" duration-ms="39762" status="PASS">
          <reporter-output>
          </reporter-output>
        </test-method> <!-- verifyTheManufacturingOrderIsCreated -->
        <test-method is-config="true" signature="embedScreenshot()[pri:0, instance:testcases.ManufacturingTests@527e5409]" started-at="2021-12-06T19:11:13 ICT" name="embedScreenshot" finished-at="2021-12-06T19:11:13 ICT" duration-ms="350" status="PASS">
          <reporter-output>
          </reporter-output>
        </test-method> <!-- embedScreenshot -->
      </class> <!-- testcases.ManufacturingTests -->
    </test> <!--  Test Cases -->
  </suite> <!-- FREE CRM Application Test Automation Test Suite -->
</testng-results>
