<?xml version="1.0" encoding="UTF-8"?>
<!-- Generated by org.testng.reporters.JUnitXMLReporter -->
<testsuite ignored="0" hostname="Netcompanys-MacBook-Pro.local" failures="1" tests="2" name=" Test Cases" time="47.55" errors="0" timestamp="2021-12-06T19:50:05 ICT">
  <testcase classname="testcases.ManufacturingTests" name="verifyTheManufacturingOrderIsCreated" time="37.627"/>
  <testcase classname="testcases.ManufacturingTests" name="verifyTheManufacturingOrderIsCreated" time="37.984">
    <failure type="java.lang.NullPointerException">
      <![CDATA[java.lang.NullPointerException
at listeners.TestListener.onTestSuccess(TestListener.java:49)
at java.base/java.util.ArrayList.forEach(ArrayList.java:1507)
... Removed 28 stack frames]]>
    </failure>
  </testcase> <!-- verifyTheManufacturingOrderIsCreated -->
</testsuite> <!--  Test Cases -->
